[debug] [2021-05-12T20:08:02.141Z] ----------------------------------------------------------------------
[debug] [2021-05-12T20:08:02.143Z] Command:       /usr/local/bin/firebase /Users/adamtretera/.cache/firebase/tools/lib/node_modules/firebase-tools/lib/bin/firebase deploy --only functions
[debug] [2021-05-12T20:08:02.143Z] CLI Version:   9.4.0
[debug] [2021-05-12T20:08:02.143Z] Platform:      darwin
[debug] [2021-05-12T20:08:02.143Z] Node Version:  v12.18.1
[debug] [2021-05-12T20:08:02.151Z] Time:          Wed May 12 2021 22:08:02 GMT+0200 (GMT+02:00)
[debug] [2021-05-12T20:08:02.151Z] ----------------------------------------------------------------------
[debug] [2021-05-12T20:08:02.151Z] 
[debug] [2021-05-12T20:08:02.159Z] > command requires scopes: ["email","openid","https://www.googleapis.com/auth/cloudplatformprojects.readonly","https://www.googleapis.com/auth/firebase","https://www.googleapis.com/auth/cloud-platform"]
[debug] [2021-05-12T20:08:02.160Z] > authorizing via signed-in user
[debug] [2021-05-12T20:08:02.160Z] [iam] checking project ares-search for permissions ["cloudfunctions.functions.create","cloudfunctions.functions.delete","cloudfunctions.functions.get","cloudfunctions.functions.list","cloudfunctions.functions.update","cloudfunctions.operations.get","firebase.projects.get"]
[debug] [2021-05-12T20:08:02.163Z] > refreshing access token with scopes: ["email","https://www.googleapis.com/auth/cloud-platform","https://www.googleapis.com/auth/cloudplatformprojects.readonly","https://www.googleapis.com/auth/firebase","openid"]
[debug] [2021-05-12T20:08:02.163Z] >>> HTTP REQUEST POST https://www.googleapis.com/oauth2/v3/token  
 <request body omitted>
[debug] [2021-05-12T20:08:02.765Z] <<< HTTP RESPONSE 200 {"pragma":"no-cache","expires":"Mon, 01 Jan 1990 00:00:00 GMT","date":"Wed, 12 May 2021 20:08:02 GMT","cache-control":"no-cache, no-store, max-age=0, must-revalidate","content-type":"application/json; charset=utf-8","vary":"X-Origin, Referer, Origin,Accept-Encoding","server":"scaffolding on HTTPServer2","x-xss-protection":"0","x-frame-options":"SAMEORIGIN","x-content-type-options":"nosniff","alt-svc":"h3-29=\":443\"; ma=2592000,h3-T051=\":443\"; ma=2592000,h3-Q050=\":443\"; ma=2592000,h3-Q046=\":443\"; ma=2592000,h3-Q043=\":443\"; ma=2592000,quic=\":443\"; ma=2592000; v=\"46,43\"","accept-ranges":"none","transfer-encoding":"chunked"}
[debug] [2021-05-12T20:08:02.789Z] >>> HTTP REQUEST POST https://cloudresourcemanager.googleapis.com/v1/projects/ares-search:testIamPermissions  
 {"permissions":["cloudfunctions.functions.create","cloudfunctions.functions.delete","cloudfunctions.functions.get","cloudfunctions.functions.list","cloudfunctions.functions.update","cloudfunctions.operations.get","firebase.projects.get"]}
[debug] [2021-05-12T20:08:05.319Z] <<< HTTP RESPONSE 200 {"content-type":"application/json; charset=UTF-8","vary":"X-Origin, Referer, Origin,Accept-Encoding","date":"Wed, 12 May 2021 20:08:03 GMT","server":"ESF","cache-control":"private","x-xss-protection":"0","x-frame-options":"SAMEORIGIN","x-content-type-options":"nosniff","server-timing":"gfet4t7; dur=685","alt-svc":"h3-29=\":443\"; ma=2592000,h3-T051=\":443\"; ma=2592000,h3-Q050=\":443\"; ma=2592000,h3-Q046=\":443\"; ma=2592000,h3-Q043=\":443\"; ma=2592000,quic=\":443\"; ma=2592000; v=\"46,43\"","accept-ranges":"none","transfer-encoding":"chunked"}
[debug] [2021-05-12T20:08:05.320Z] >>> HTTP REQUEST POST https://iam.googleapis.com/v1/projects/ares-search/serviceAccounts/ares-search@appspot.gserviceaccount.com:testIamPermissions  
 {"permissions":["iam.serviceAccounts.actAs"]}
[debug] [2021-05-12T20:08:05.953Z] <<< HTTP RESPONSE 200 {"content-type":"application/json; charset=UTF-8","vary":"X-Origin, Referer, Origin,Accept-Encoding","date":"Wed, 12 May 2021 20:08:05 GMT","server":"ESF","cache-control":"private","x-xss-protection":"0","x-frame-options":"SAMEORIGIN","x-content-type-options":"nosniff","alt-svc":"h3-29=\":443\"; ma=2592000,h3-T051=\":443\"; ma=2592000,h3-Q050=\":443\"; ma=2592000,h3-Q046=\":443\"; ma=2592000,h3-Q043=\":443\"; ma=2592000,quic=\":443\"; ma=2592000; v=\"46,43\"","accept-ranges":"none","transfer-encoding":"chunked"}
[info] 
[info] === Deploying to 'ares-search'...
[info] 
[info] i  deploying functions 
[info] Running command: npm --prefix "$RESOURCE_DIR" run build
[info] ✔  functions: Finished running predeploy script. 
[info] i  functions: ensuring required API cloudfunctions.googleapis.com is enabled... 
[info] i  functions: ensuring required API cloudbuild.googleapis.com is enabled... 
[debug] [2021-05-12T20:08:12.319Z] >>> HTTP REQUEST GET https://serviceusage.googleapis.com/v1/projects/ares-search/services/cloudfunctions.googleapis.com  
 
[debug] [2021-05-12T20:08:12.319Z] >>> HTTP REQUEST GET https://serviceusage.googleapis.com/v1/projects/ares-search/services/runtimeconfig.googleapis.com  
 
[debug] [2021-05-12T20:08:12.320Z] >>> HTTP REQUEST GET https://serviceusage.googleapis.com/v1/projects/ares-search/services/cloudbuild.googleapis.com  
 
[debug] [2021-05-12T20:08:13.284Z] <<< HTTP RESPONSE 200 {"content-type":"application/json; charset=UTF-8","vary":"X-Origin, Referer, Origin,Accept-Encoding","date":"Wed, 12 May 2021 20:08:13 GMT","server":"ESF","cache-control":"private","x-xss-protection":"0","x-frame-options":"SAMEORIGIN","x-content-type-options":"nosniff","alt-svc":"h3-29=\":443\"; ma=2592000,h3-T051=\":443\"; ma=2592000,h3-Q050=\":443\"; ma=2592000,h3-Q046=\":443\"; ma=2592000,h3-Q043=\":443\"; ma=2592000,quic=\":443\"; ma=2592000; v=\"46,43\"","accept-ranges":"none","transfer-encoding":"chunked"}
[debug] [2021-05-12T20:08:13.331Z] <<< HTTP RESPONSE 200 {"content-type":"application/json; charset=UTF-8","vary":"X-Origin, Referer, Origin,Accept-Encoding","date":"Wed, 12 May 2021 20:08:13 GMT","server":"ESF","cache-control":"private","x-xss-protection":"0","x-frame-options":"SAMEORIGIN","x-content-type-options":"nosniff","alt-svc":"h3-29=\":443\"; ma=2592000,h3-T051=\":443\"; ma=2592000,h3-Q050=\":443\"; ma=2592000,h3-Q046=\":443\"; ma=2592000,h3-Q043=\":443\"; ma=2592000,quic=\":443\"; ma=2592000; v=\"46,43\"","accept-ranges":"none","transfer-encoding":"chunked"}
[info] ✔  functions: required API cloudbuild.googleapis.com is enabled 
[debug] [2021-05-12T20:08:13.392Z] <<< HTTP RESPONSE 200 {"content-type":"application/json; charset=UTF-8","vary":"X-Origin, Referer, Origin,Accept-Encoding","date":"Wed, 12 May 2021 20:08:13 GMT","server":"ESF","cache-control":"private","x-xss-protection":"0","x-frame-options":"SAMEORIGIN","x-content-type-options":"nosniff","alt-svc":"h3-29=\":443\"; ma=2592000,h3-T051=\":443\"; ma=2592000,h3-Q050=\":443\"; ma=2592000,h3-Q046=\":443\"; ma=2592000,h3-Q043=\":443\"; ma=2592000,quic=\":443\"; ma=2592000; v=\"46,43\"","accept-ranges":"none","transfer-encoding":"chunked"}
[info] ✔  functions: required API cloudfunctions.googleapis.com is enabled 
[debug] [2021-05-12T20:08:13.393Z] >>> HTTP REQUEST GET https://firebase.googleapis.com/v1beta1/projects/ares-search/adminSdkConfig  
 
[debug] [2021-05-12T20:08:13.778Z] <<< HTTP RESPONSE 200 {"content-type":"application/json; charset=UTF-8","vary":"X-Origin, Referer, Origin,Accept-Encoding","date":"Wed, 12 May 2021 20:08:13 GMT","server":"ESF","cache-control":"private","x-xss-protection":"0","x-frame-options":"SAMEORIGIN","x-content-type-options":"nosniff","alt-svc":"h3-29=\":443\"; ma=2592000,h3-T051=\":443\"; ma=2592000,h3-Q050=\":443\"; ma=2592000,h3-Q046=\":443\"; ma=2592000,h3-Q043=\":443\"; ma=2592000,quic=\":443\"; ma=2592000; v=\"46,43\"","accept-ranges":"none","transfer-encoding":"chunked"}
[info] i  functions: preparing functions directory for uploading... 
[debug] [2021-05-12T20:08:13.780Z] >>> HTTP REQUEST GET https://runtimeconfig.googleapis.com/v1beta1/projects/ares-search/configs  
 
[debug] [2021-05-12T20:08:14.271Z] <<< HTTP RESPONSE 200 {"content-type":"application/json; charset=UTF-8","vary":"X-Origin, Referer, Origin,Accept-Encoding","date":"Wed, 12 May 2021 20:08:14 GMT","server":"ESF","cache-control":"private","x-xss-protection":"0","x-frame-options":"SAMEORIGIN","x-content-type-options":"nosniff","alt-svc":"h3-29=\":443\"; ma=2592000,h3-T051=\":443\"; ma=2592000,h3-Q050=\":443\"; ma=2592000,h3-Q046=\":443\"; ma=2592000,h3-Q043=\":443\"; ma=2592000,quic=\":443\"; ma=2592000; v=\"46,43\"","accept-ranges":"none","transfer-encoding":"chunked"}
[info] i  functions: packaged functions (25.42 KB) for uploading 
[debug] [2021-05-12T20:08:14.566Z] > [functions] package.json contents: {
  "name": "functions",
  "scripts": {
    "build": "tsc",
    "serve": "npm run build && firebase emulators:start --only functions",
    "shell": "npm run build && firebase functions:shell",
    "start": "npm run shell",
    "deploy": "firebase deploy --only functions",
    "logs": "firebase functions:log"
  },
  "engines": {
    "node": "12"
  },
  "main": "lib/index.js",
  "dependencies": {
    "axios": "^0.21.1",
    "fast-xml-parser": "^3.19.0",
    "firebase-admin": "^9.2.0",
    "firebase-functions": "^3.11.0",
    "node-fetch": "^2.6.1"
  },
  "devDependencies": {
    "typescript": "^3.8.0",
    "firebase-functions-test": "^0.2.0"
  },
  "private": true
}
[debug] [2021-05-12T20:08:14.567Z] >>> HTTP REQUEST GET https://cloudfunctions.googleapis.com/v1/projects/ares-search/locations/-/functions  
 
[debug] [2021-05-12T20:08:15.131Z] <<< HTTP RESPONSE 200 {"content-type":"application/json; charset=UTF-8","vary":"X-Origin, Referer, Origin,Accept-Encoding","date":"Wed, 12 May 2021 20:08:15 GMT","server":"ESF","cache-control":"private","x-xss-protection":"0","x-frame-options":"SAMEORIGIN","x-content-type-options":"nosniff","alt-svc":"h3-29=\":443\"; ma=2592000,h3-T051=\":443\"; ma=2592000,h3-Q050=\":443\"; ma=2592000,h3-Q046=\":443\"; ma=2592000,h3-Q043=\":443\"; ma=2592000,quic=\":443\"; ma=2592000; v=\"46,43\"","accept-ranges":"none","transfer-encoding":"chunked"}
[debug] [2021-05-12T20:08:15.132Z] >>> HTTP REQUEST POST https://cloudfunctions.googleapis.com/v1/projects/ares-search/locations/us-central1/functions:generateUploadUrl  
 
[debug] [2021-05-12T20:08:15.770Z] <<< HTTP RESPONSE 200 {"content-type":"application/json; charset=UTF-8","vary":"X-Origin, Referer, Origin,Accept-Encoding","date":"Wed, 12 May 2021 20:08:15 GMT","server":"ESF","cache-control":"private","x-xss-protection":"0","x-frame-options":"SAMEORIGIN","x-content-type-options":"nosniff","alt-svc":"h3-29=\":443\"; ma=2592000,h3-T051=\":443\"; ma=2592000,h3-Q050=\":443\"; ma=2592000,h3-Q046=\":443\"; ma=2592000,h3-Q043=\":443\"; ma=2592000,quic=\":443\"; ma=2592000; v=\"46,43\"","accept-ranges":"none","transfer-encoding":"chunked"}
[debug] [2021-05-12T20:08:15.771Z] >>> HTTP REQUEST PUT https://storage.googleapis.com/gcf-upload-us-central1-34b44903-21a4-432d-816a-214906265c04/ef41532c-e920-46e4-982c-a95e21fb5031.zip?GoogleAccessId=service-641587015537@gcf-admin-robot.iam.gserviceaccount.com&Expires=1620851895&Signature=XUSPkIKwzjSf6qKJhd0hQyv1nBPKuzINHWUWnsVLNn7%2BUks2DvcUTJxoCL9T%2FMNVdnwSmNULyp6Zp1DTcWPJ86rgtXQ26rze4OcnD4vTDLTH4SlfSUXJm6Ii8JOeOHdqN%2B2OV2kY2sBqeGJBkUQ6FTeiNq5BLVp7eMFwf1TnWK%2BSLE5hnhcFPfgDzFwTe2Tjoc5GgUT7AYr1bpzQoTlz41tB9xpw5r7qfYI8dp2YAmiO7a17e%2BguhHxUFKmDE%2B8CCEgaOcCW8JrfUEfUnAKwnGrZwyyKr4psgcQcgfgDP8hvccq0DKob5ZxxDFQOiPNqxxm8jLRIgN63uNQh0E5D%2BA%3D%3D  
 <request body omitted>
[debug] [2021-05-12T20:08:16.071Z] <<< HTTP RESPONSE 200 {"x-guploader-uploadid":"ABg5-Ux9mG3yP8QQaeojFaXWCa167ExLKVQN33Pc9q4sGz_vdloILwY2Bd7pCwqIDWLOajaMTAt0C0RFdHsH6cvGYKI","etag":"\"81f672e8ffa2e9da8d090e4d6a42bb29\"","x-goog-generation":"1620850096051003","x-goog-metageneration":"1","x-goog-hash":"crc32c=0vnbDA==, md5=gfZy6P+i6dqNCQ5NakK7KQ==","x-goog-stored-content-length":"26033","x-goog-stored-content-encoding":"identity","vary":"Origin","content-length":"0","date":"Wed, 12 May 2021 20:08:16 GMT","server":"UploadServer","content-type":"text/html; charset=UTF-8","alt-svc":"h3-29=\":443\"; ma=2592000,h3-T051=\":443\"; ma=2592000,h3-Q050=\":443\"; ma=2592000,h3-Q046=\":443\"; ma=2592000,h3-Q043=\":443\"; ma=2592000,quic=\":443\"; ma=2592000; v=\"46,43\""}
[info] ✔  functions: functions folder uploaded successfully 
[info] i  functions: updating Node.js 12 function ares(us-central1)... 
[debug] [2021-05-12T20:08:16.076Z] >>> HTTP REQUEST PATCH https://cloudfunctions.googleapis.com/v1/projects/ares-search/locations/us-central1/functions/ares {"updateMask":"sourceUploadUrl,name,labels,runtime,environmentVariables,httpsTrigger"} 
 {"sourceUploadUrl":"https://storage.googleapis.com/gcf-upload-us-central1-34b44903-21a4-432d-816a-214906265c04/ef41532c-e920-46e4-982c-a95e21fb5031.zip?GoogleAccessId=service-641587015537@gcf-admin-robot.iam.gserviceaccount.com&Expires=1620851895&Signature=XUSPkIKwzjSf6qKJhd0hQyv1nBPKuzINHWUWnsVLNn7%2BUks2DvcUTJxoCL9T%2FMNVdnwSmNULyp6Zp1DTcWPJ86rgtXQ26rze4OcnD4vTDLTH4SlfSUXJm6Ii8JOeOHdqN%2B2OV2kY2sBqeGJBkUQ6FTeiNq5BLVp7eMFwf1TnWK%2BSLE5hnhcFPfgDzFwTe2Tjoc5GgUT7AYr1bpzQoTlz41tB9xpw5r7qfYI8dp2YAmiO7a17e%2BguhHxUFKmDE%2B8CCEgaOcCW8JrfUEfUnAKwnGrZwyyKr4psgcQcgfgDP8hvccq0DKob5ZxxDFQOiPNqxxm8jLRIgN63uNQh0E5D%2BA%3D%3D","name":"projects/ares-search/locations/us-central1/functions/ares","labels":{"deployment-tool":"cli-firebase"},"httpsTrigger":{},"runtime":"nodejs12","environmentVariables":{"FIREBASE_CONFIG":"{\"projectId\":\"ares-search\",\"storageBucket\":\"ares-search.appspot.com\"}"}}
[debug] [2021-05-12T20:08:16.844Z] <<< HTTP RESPONSE 200 {"content-type":"application/json; charset=UTF-8","vary":"X-Origin, Referer, Origin,Accept-Encoding","date":"Wed, 12 May 2021 20:08:16 GMT","server":"ESF","cache-control":"private","x-xss-protection":"0","x-frame-options":"SAMEORIGIN","x-content-type-options":"nosniff","alt-svc":"h3-29=\":443\"; ma=2592000,h3-T051=\":443\"; ma=2592000,h3-Q050=\":443\"; ma=2592000,h3-Q046=\":443\"; ma=2592000,h3-Q043=\":443\"; ma=2592000,quic=\":443\"; ma=2592000; v=\"46,43\"","accept-ranges":"none","transfer-encoding":"chunked"}
[debug] [2021-05-12T20:08:16.845Z] > refreshing access token with scopes: []
[debug] [2021-05-12T20:08:16.846Z] >>> HTTP REQUEST POST https://www.googleapis.com/oauth2/v3/token  
 <request body omitted>
[debug] [2021-05-12T20:08:16.963Z] <<< HTTP RESPONSE 200 {"date":"Wed, 12 May 2021 20:08:17 GMT","expires":"Mon, 01 Jan 1990 00:00:00 GMT","cache-control":"no-cache, no-store, max-age=0, must-revalidate","pragma":"no-cache","content-type":"application/json; charset=utf-8","vary":"X-Origin, Referer, Origin,Accept-Encoding","server":"scaffolding on HTTPServer2","x-xss-protection":"0","x-frame-options":"SAMEORIGIN","x-content-type-options":"nosniff","alt-svc":"h3-29=\":443\"; ma=2592000,h3-T051=\":443\"; ma=2592000,h3-Q050=\":443\"; ma=2592000,h3-Q046=\":443\"; ma=2592000,h3-Q043=\":443\"; ma=2592000,quic=\":443\"; ma=2592000; v=\"46,43\"","accept-ranges":"none","transfer-encoding":"chunked"}
[debug] [2021-05-12T20:08:17.051Z] >>> [apiv2][query] GET https://cloudfunctions.googleapis.com/v1/operations/YXJlcy1zZWFyY2gvdXMtY2VudHJhbDEvYXJlcy8ydkkwOFRnRWR3WQ [none]
[debug] [2021-05-12T20:08:17.322Z] <<< [apiv2][status] GET https://cloudfunctions.googleapis.com/v1/operations/YXJlcy1zZWFyY2gvdXMtY2VudHJhbDEvYXJlcy8ydkkwOFRnRWR3WQ 200
[debug] [2021-05-12T20:08:17.322Z] <<< [apiv2][body] GET https://cloudfunctions.googleapis.com/v1/operations/YXJlcy1zZWFyY2gvdXMtY2VudHJhbDEvYXJlcy8ydkkwOFRnRWR3WQ {"name":"operations/YXJlcy1zZWFyY2gvdXMtY2VudHJhbDEvYXJlcy8ydkkwOFRnRWR3WQ","metadata":{"@type":"type.googleapis.com/google.cloud.functions.v1.OperationMetadataV1","target":"projects/ares-search/locations/us-central1/functions/ares","type":"UPDATE_FUNCTION","request":{"@type":"type.googleapis.com/google.cloud.functions.v1.CloudFunction","name":"projects/ares-search/locations/us-central1/functions/ares","httpsTrigger":{},"status":"ACTIVE","entryPoint":"ares","timeout":"60s","availableMemoryMb":256,"serviceAccountEmail":"ares-search@appspot.gserviceaccount.com","updateTime":"2021-05-12T19:21:39.140Z","versionId":"4","labels":{"deployment-tool":"cli-firebase"},"sourceUploadUrl":"https://storage.googleapis.com/gcf-upload-us-central1-34b44903-21a4-432d-816a-214906265c04/ef41532c-e920-46e4-982c-a95e21fb5031.zip?GoogleAccessId=service-641587015537@gcf-admin-robot.iam.gserviceaccount.com&Expires=1620851895&Signature=XUSPkIKwzjSf6qKJhd0hQyv1nBPKuzINHWUWnsVLNn7%2BUks2DvcUTJxoCL9T%2FMNVdnwSmNULyp6Zp1DTcWPJ86rgtXQ26rze4OcnD4vTDLTH4SlfSUXJm6Ii8JOeOHdqN%2B2OV2kY2sBqeGJBkUQ6FTeiNq5BLVp7eMFwf1TnWK%2BSLE5hnhcFPfgDzFwTe2Tjoc5GgUT7AYr1bpzQoTlz41tB9xpw5r7qfYI8dp2YAmiO7a17e%2BguhHxUFKmDE%2B8CCEgaOcCW8JrfUEfUnAKwnGrZwyyKr4psgcQcgfgDP8hvccq0DKob5ZxxDFQOiPNqxxm8jLRIgN63uNQh0E5D%2BA%3D%3D","environmentVariables":{"FIREBASE_CONFIG":"{\"projectId\":\"ares-search\",\"storageBucket\":\"ares-search.appspot.com\"}"},"runtime":"nodejs12","ingressSettings":"ALLOW_ALL","buildId":"d58ae15c-6cd4-4901-9e0b-26e3496ec267"},"versionId":"5","updateTime":"2021-05-12T20:08:17Z"}}
[debug] [2021-05-12T20:08:17.824Z] [update-projects/ares-search/locations/us-central1/functions/ares] Retrying task index 0
[debug] [2021-05-12T20:08:17.824Z] >>> [apiv2][query] GET https://cloudfunctions.googleapis.com/v1/operations/YXJlcy1zZWFyY2gvdXMtY2VudHJhbDEvYXJlcy8ydkkwOFRnRWR3WQ [none]
[debug] [2021-05-12T20:08:18.058Z] <<< [apiv2][status] GET https://cloudfunctions.googleapis.com/v1/operations/YXJlcy1zZWFyY2gvdXMtY2VudHJhbDEvYXJlcy8ydkkwOFRnRWR3WQ 200
[debug] [2021-05-12T20:08:18.058Z] <<< [apiv2][body] GET https://cloudfunctions.googleapis.com/v1/operations/YXJlcy1zZWFyY2gvdXMtY2VudHJhbDEvYXJlcy8ydkkwOFRnRWR3WQ {"name":"operations/YXJlcy1zZWFyY2gvdXMtY2VudHJhbDEvYXJlcy8ydkkwOFRnRWR3WQ","metadata":{"@type":"type.googleapis.com/google.cloud.functions.v1.OperationMetadataV1","target":"projects/ares-search/locations/us-central1/functions/ares","type":"UPDATE_FUNCTION","request":{"@type":"type.googleapis.com/google.cloud.functions.v1.CloudFunction","name":"projects/ares-search/locations/us-central1/functions/ares","httpsTrigger":{},"status":"ACTIVE","entryPoint":"ares","timeout":"60s","availableMemoryMb":256,"serviceAccountEmail":"ares-search@appspot.gserviceaccount.com","updateTime":"2021-05-12T19:21:39.140Z","versionId":"4","labels":{"deployment-tool":"cli-firebase"},"sourceUploadUrl":"https://storage.googleapis.com/gcf-upload-us-central1-34b44903-21a4-432d-816a-214906265c04/ef41532c-e920-46e4-982c-a95e21fb5031.zip?GoogleAccessId=service-641587015537@gcf-admin-robot.iam.gserviceaccount.com&Expires=1620851895&Signature=XUSPkIKwzjSf6qKJhd0hQyv1nBPKuzINHWUWnsVLNn7%2BUks2DvcUTJxoCL9T%2FMNVdnwSmNULyp6Zp1DTcWPJ86rgtXQ26rze4OcnD4vTDLTH4SlfSUXJm6Ii8JOeOHdqN%2B2OV2kY2sBqeGJBkUQ6FTeiNq5BLVp7eMFwf1TnWK%2BSLE5hnhcFPfgDzFwTe2Tjoc5GgUT7AYr1bpzQoTlz41tB9xpw5r7qfYI8dp2YAmiO7a17e%2BguhHxUFKmDE%2B8CCEgaOcCW8JrfUEfUnAKwnGrZwyyKr4psgcQcgfgDP8hvccq0DKob5ZxxDFQOiPNqxxm8jLRIgN63uNQh0E5D%2BA%3D%3D","environmentVariables":{"FIREBASE_CONFIG":"{\"projectId\":\"ares-search\",\"storageBucket\":\"ares-search.appspot.com\"}"},"runtime":"nodejs12","ingressSettings":"ALLOW_ALL","buildId":"d58ae15c-6cd4-4901-9e0b-26e3496ec267"},"versionId":"5","updateTime":"2021-05-12T20:08:17Z"}}
[debug] [2021-05-12T20:08:19.060Z] [update-projects/ares-search/locations/us-central1/functions/ares] Retrying task index 0
[debug] [2021-05-12T20:08:19.060Z] >>> [apiv2][query] GET https://cloudfunctions.googleapis.com/v1/operations/YXJlcy1zZWFyY2gvdXMtY2VudHJhbDEvYXJlcy8ydkkwOFRnRWR3WQ [none]
[debug] [2021-05-12T20:08:19.290Z] <<< [apiv2][status] GET https://cloudfunctions.googleapis.com/v1/operations/YXJlcy1zZWFyY2gvdXMtY2VudHJhbDEvYXJlcy8ydkkwOFRnRWR3WQ 200
[debug] [2021-05-12T20:08:19.291Z] <<< [apiv2][body] GET https://cloudfunctions.googleapis.com/v1/operations/YXJlcy1zZWFyY2gvdXMtY2VudHJhbDEvYXJlcy8ydkkwOFRnRWR3WQ {"name":"operations/YXJlcy1zZWFyY2gvdXMtY2VudHJhbDEvYXJlcy8ydkkwOFRnRWR3WQ","metadata":{"@type":"type.googleapis.com/google.cloud.functions.v1.OperationMetadataV1","target":"projects/ares-search/locations/us-central1/functions/ares","type":"UPDATE_FUNCTION","request":{"@type":"type.googleapis.com/google.cloud.functions.v1.CloudFunction","name":"projects/ares-search/locations/us-central1/functions/ares","httpsTrigger":{},"status":"ACTIVE","entryPoint":"ares","timeout":"60s","availableMemoryMb":256,"serviceAccountEmail":"ares-search@appspot.gserviceaccount.com","updateTime":"2021-05-12T19:21:39.140Z","versionId":"4","labels":{"deployment-tool":"cli-firebase"},"sourceUploadUrl":"https://storage.googleapis.com/gcf-upload-us-central1-34b44903-21a4-432d-816a-214906265c04/ef41532c-e920-46e4-982c-a95e21fb5031.zip?GoogleAccessId=service-641587015537@gcf-admin-robot.iam.gserviceaccount.com&Expires=1620851895&Signature=XUSPkIKwzjSf6qKJhd0hQyv1nBPKuzINHWUWnsVLNn7%2BUks2DvcUTJxoCL9T%2FMNVdnwSmNULyp6Zp1DTcWPJ86rgtXQ26rze4OcnD4vTDLTH4SlfSUXJm6Ii8JOeOHdqN%2B2OV2kY2sBqeGJBkUQ6FTeiNq5BLVp7eMFwf1TnWK%2BSLE5hnhcFPfgDzFwTe2Tjoc5GgUT7AYr1bpzQoTlz41tB9xpw5r7qfYI8dp2YAmiO7a17e%2BguhHxUFKmDE%2B8CCEgaOcCW8JrfUEfUnAKwnGrZwyyKr4psgcQcgfgDP8hvccq0DKob5ZxxDFQOiPNqxxm8jLRIgN63uNQh0E5D%2BA%3D%3D","environmentVariables":{"FIREBASE_CONFIG":"{\"projectId\":\"ares-search\",\"storageBucket\":\"ares-search.appspot.com\"}"},"runtime":"nodejs12","ingressSettings":"ALLOW_ALL","buildId":"d58ae15c-6cd4-4901-9e0b-26e3496ec267"},"versionId":"5","updateTime":"2021-05-12T20:08:17Z","buildId":"a2408656-9170-4c9e-bd07-fe8e3cfd0c49"}}
[debug] [2021-05-12T20:08:21.296Z] [update-projects/ares-search/locations/us-central1/functions/ares] Retrying task index 0
[debug] [2021-05-12T20:08:21.296Z] >>> [apiv2][query] GET https://cloudfunctions.googleapis.com/v1/operations/YXJlcy1zZWFyY2gvdXMtY2VudHJhbDEvYXJlcy8ydkkwOFRnRWR3WQ [none]
[debug] [2021-05-12T20:08:21.539Z] <<< [apiv2][status] GET https://cloudfunctions.googleapis.com/v1/operations/YXJlcy1zZWFyY2gvdXMtY2VudHJhbDEvYXJlcy8ydkkwOFRnRWR3WQ 200
[debug] [2021-05-12T20:08:21.539Z] <<< [apiv2][body] GET https://cloudfunctions.googleapis.com/v1/operations/YXJlcy1zZWFyY2gvdXMtY2VudHJhbDEvYXJlcy8ydkkwOFRnRWR3WQ {"name":"operations/YXJlcy1zZWFyY2gvdXMtY2VudHJhbDEvYXJlcy8ydkkwOFRnRWR3WQ","metadata":{"@type":"type.googleapis.com/google.cloud.functions.v1.OperationMetadataV1","target":"projects/ares-search/locations/us-central1/functions/ares","type":"UPDATE_FUNCTION","request":{"@type":"type.googleapis.com/google.cloud.functions.v1.CloudFunction","name":"projects/ares-search/locations/us-central1/functions/ares","httpsTrigger":{},"status":"ACTIVE","entryPoint":"ares","timeout":"60s","availableMemoryMb":256,"serviceAccountEmail":"ares-search@appspot.gserviceaccount.com","updateTime":"2021-05-12T19:21:39.140Z","versionId":"4","labels":{"deployment-tool":"cli-firebase"},"sourceUploadUrl":"https://storage.googleapis.com/gcf-upload-us-central1-34b44903-21a4-432d-816a-214906265c04/ef41532c-e920-46e4-982c-a95e21fb5031.zip?GoogleAccessId=service-641587015537@gcf-admin-robot.iam.gserviceaccount.com&Expires=1620851895&Signature=XUSPkIKwzjSf6qKJhd0hQyv1nBPKuzINHWUWnsVLNn7%2BUks2DvcUTJxoCL9T%2FMNVdnwSmNULyp6Zp1DTcWPJ86rgtXQ26rze4OcnD4vTDLTH4SlfSUXJm6Ii8JOeOHdqN%2B2OV2kY2sBqeGJBkUQ6FTeiNq5BLVp7eMFwf1TnWK%2BSLE5hnhcFPfgDzFwTe2Tjoc5GgUT7AYr1bpzQoTlz41tB9xpw5r7qfYI8dp2YAmiO7a17e%2BguhHxUFKmDE%2B8CCEgaOcCW8JrfUEfUnAKwnGrZwyyKr4psgcQcgfgDP8hvccq0DKob5ZxxDFQOiPNqxxm8jLRIgN63uNQh0E5D%2BA%3D%3D","environmentVariables":{"FIREBASE_CONFIG":"{\"projectId\":\"ares-search\",\"storageBucket\":\"ares-search.appspot.com\"}"},"runtime":"nodejs12","ingressSettings":"ALLOW_ALL","buildId":"d58ae15c-6cd4-4901-9e0b-26e3496ec267"},"versionId":"5","updateTime":"2021-05-12T20:08:17Z","buildId":"a2408656-9170-4c9e-bd07-fe8e3cfd0c49"}}
[debug] [2021-05-12T20:08:25.544Z] [update-projects/ares-search/locations/us-central1/functions/ares] Retrying task index 0
[debug] [2021-05-12T20:08:25.544Z] >>> [apiv2][query] GET https://cloudfunctions.googleapis.com/v1/operations/YXJlcy1zZWFyY2gvdXMtY2VudHJhbDEvYXJlcy8ydkkwOFRnRWR3WQ [none]
[debug] [2021-05-12T20:08:25.766Z] <<< [apiv2][status] GET https://cloudfunctions.googleapis.com/v1/operations/YXJlcy1zZWFyY2gvdXMtY2VudHJhbDEvYXJlcy8ydkkwOFRnRWR3WQ 200
[debug] [2021-05-12T20:08:25.767Z] <<< [apiv2][body] GET https://cloudfunctions.googleapis.com/v1/operations/YXJlcy1zZWFyY2gvdXMtY2VudHJhbDEvYXJlcy8ydkkwOFRnRWR3WQ {"name":"operations/YXJlcy1zZWFyY2gvdXMtY2VudHJhbDEvYXJlcy8ydkkwOFRnRWR3WQ","metadata":{"@type":"type.googleapis.com/google.cloud.functions.v1.OperationMetadataV1","target":"projects/ares-search/locations/us-central1/functions/ares","type":"UPDATE_FUNCTION","request":{"@type":"type.googleapis.com/google.cloud.functions.v1.CloudFunction","name":"projects/ares-search/locations/us-central1/functions/ares","httpsTrigger":{},"status":"ACTIVE","entryPoint":"ares","timeout":"60s","availableMemoryMb":256,"serviceAccountEmail":"ares-search@appspot.gserviceaccount.com","updateTime":"2021-05-12T19:21:39.140Z","versionId":"4","labels":{"deployment-tool":"cli-firebase"},"sourceUploadUrl":"https://storage.googleapis.com/gcf-upload-us-central1-34b44903-21a4-432d-816a-214906265c04/ef41532c-e920-46e4-982c-a95e21fb5031.zip?GoogleAccessId=service-641587015537@gcf-admin-robot.iam.gserviceaccount.com&Expires=1620851895&Signature=XUSPkIKwzjSf6qKJhd0hQyv1nBPKuzINHWUWnsVLNn7%2BUks2DvcUTJxoCL9T%2FMNVdnwSmNULyp6Zp1DTcWPJ86rgtXQ26rze4OcnD4vTDLTH4SlfSUXJm6Ii8JOeOHdqN%2B2OV2kY2sBqeGJBkUQ6FTeiNq5BLVp7eMFwf1TnWK%2BSLE5hnhcFPfgDzFwTe2Tjoc5GgUT7AYr1bpzQoTlz41tB9xpw5r7qfYI8dp2YAmiO7a17e%2BguhHxUFKmDE%2B8CCEgaOcCW8JrfUEfUnAKwnGrZwyyKr4psgcQcgfgDP8hvccq0DKob5ZxxDFQOiPNqxxm8jLRIgN63uNQh0E5D%2BA%3D%3D","environmentVariables":{"FIREBASE_CONFIG":"{\"projectId\":\"ares-search\",\"storageBucket\":\"ares-search.appspot.com\"}"},"runtime":"nodejs12","ingressSettings":"ALLOW_ALL","buildId":"d58ae15c-6cd4-4901-9e0b-26e3496ec267"},"versionId":"5","updateTime":"2021-05-12T20:08:17Z","buildId":"a2408656-9170-4c9e-bd07-fe8e3cfd0c49"}}
[debug] [2021-05-12T20:08:33.771Z] [update-projects/ares-search/locations/us-central1/functions/ares] Retrying task index 0
[debug] [2021-05-12T20:08:33.772Z] >>> [apiv2][query] GET https://cloudfunctions.googleapis.com/v1/operations/YXJlcy1zZWFyY2gvdXMtY2VudHJhbDEvYXJlcy8ydkkwOFRnRWR3WQ [none]
[debug] [2021-05-12T20:08:33.994Z] <<< [apiv2][status] GET https://cloudfunctions.googleapis.com/v1/operations/YXJlcy1zZWFyY2gvdXMtY2VudHJhbDEvYXJlcy8ydkkwOFRnRWR3WQ 200
[debug] [2021-05-12T20:08:33.995Z] <<< [apiv2][body] GET https://cloudfunctions.googleapis.com/v1/operations/YXJlcy1zZWFyY2gvdXMtY2VudHJhbDEvYXJlcy8ydkkwOFRnRWR3WQ {"name":"operations/YXJlcy1zZWFyY2gvdXMtY2VudHJhbDEvYXJlcy8ydkkwOFRnRWR3WQ","metadata":{"@type":"type.googleapis.com/google.cloud.functions.v1.OperationMetadataV1","target":"projects/ares-search/locations/us-central1/functions/ares","type":"UPDATE_FUNCTION","request":{"@type":"type.googleapis.com/google.cloud.functions.v1.CloudFunction","name":"projects/ares-search/locations/us-central1/functions/ares","httpsTrigger":{},"status":"ACTIVE","entryPoint":"ares","timeout":"60s","availableMemoryMb":256,"serviceAccountEmail":"ares-search@appspot.gserviceaccount.com","updateTime":"2021-05-12T19:21:39.140Z","versionId":"4","labels":{"deployment-tool":"cli-firebase"},"sourceUploadUrl":"https://storage.googleapis.com/gcf-upload-us-central1-34b44903-21a4-432d-816a-214906265c04/ef41532c-e920-46e4-982c-a95e21fb5031.zip?GoogleAccessId=service-641587015537@gcf-admin-robot.iam.gserviceaccount.com&Expires=1620851895&Signature=XUSPkIKwzjSf6qKJhd0hQyv1nBPKuzINHWUWnsVLNn7%2BUks2DvcUTJxoCL9T%2FMNVdnwSmNULyp6Zp1DTcWPJ86rgtXQ26rze4OcnD4vTDLTH4SlfSUXJm6Ii8JOeOHdqN%2B2OV2kY2sBqeGJBkUQ6FTeiNq5BLVp7eMFwf1TnWK%2BSLE5hnhcFPfgDzFwTe2Tjoc5GgUT7AYr1bpzQoTlz41tB9xpw5r7qfYI8dp2YAmiO7a17e%2BguhHxUFKmDE%2B8CCEgaOcCW8JrfUEfUnAKwnGrZwyyKr4psgcQcgfgDP8hvccq0DKob5ZxxDFQOiPNqxxm8jLRIgN63uNQh0E5D%2BA%3D%3D","environmentVariables":{"FIREBASE_CONFIG":"{\"projectId\":\"ares-search\",\"storageBucket\":\"ares-search.appspot.com\"}"},"runtime":"nodejs12","ingressSettings":"ALLOW_ALL","buildId":"d58ae15c-6cd4-4901-9e0b-26e3496ec267"},"versionId":"5","updateTime":"2021-05-12T20:08:17Z","buildId":"a2408656-9170-4c9e-bd07-fe8e3cfd0c49"}}
